File Name: Ek Dil Ek Jaan - DJMaza.Info - 320Kbps.mp3
Fetched URL: http://mp3khan.top/music/Singles/Ek Dil Ek Jaan - DJMaza.Info - 320Kbps.mp3
Received file size: 342
File Name: Ek Dil Ek Jaan - DJMaza.Info - 320Kbps.mp3
Fetched URL: http://mp3khan.top/music/Singles/Ek Dil Ek Jaan - DJMaza.Info - 320Kbps.mp3
Received file size: 342
Cannot Find Album name for :Sanu Ek Pal (Acoustic) Cannot Find Album name for :Sanu Ek Pal (Acoustic) Cannot Find Album name for :Sanu Ek Pal (Acoustic) Cannot Find Album name for :Sanu Ek Pal (Acoustic) Cannot Find Album name for :Lado Rani File Name: 14 - Maahi (Raaz - TMC) [DJMaza.Info].mp3
Fetched URL: http://songs.djmazadownload.xyz/music/indian_pop/Emraan Hashmi - Hit Songs Machine (2013)/14 - Maahi (Raaz - TMC) [DJMaza.Info].mp3
Received file size: 0
File Name: 17 - Judai (Jannat) [DJMaza.Info].mp3
Fetched URL: http://songs.djmazadownload.xyz/music/indian_pop/Emraan Hashmi - Hit Songs Machine (2013)/17 - Judai (Jannat) [DJMaza.Info].mp3
Received file size: 0
File Name: 19 - Mausam (The Train) [DJMaza.Info].mp3
Fetched URL: http://songs.djmazadownload.xyz/music/indian_pop/Emraan Hashmi - Hit Songs Machine (2013)/19 - Mausam (The Train) [DJMaza.Info].mp3
Received file size: 0
File Name: 45 - Agar Tum Mil Jao (Zeher) [DJMaza.Info].mp3
Fetched URL: http://songs.djmazadownload.xyz/music/indian_pop/Emraan Hashmi - Hit Songs Machine (2013)/45 - Agar Tum Mil Jao (Zeher) [DJMaza.Info].mp3
Received file size: 0
File Name: 47 - Aashiq Banaya Aapne (ABA) [DJMaza.Info].mp3
Fetched URL: http://songs.djmazadownload.xyz/music/indian_pop/Emraan Hashmi - Hit Songs Machine (2013)/47 - Aashiq Banaya Aapne (ABA) [DJMaza.Info].mp3
Received file size: 0
File Name: 48 - Toh Phi Aao (Lounge Version) (Awarapan) [DJMaza.Info].mp3
Fetched URL: http://songs.djmazadownload.xyz/music/indian_pop/Emraan Hashmi - Hit Songs Machine (2013)/48 - Toh Phi Aao (Lounge Version) (Awarapan) [DJMaza.Info].mp3
Received file size: 0
File Name: 52 - Aap Ki Kashish (ABA) [DJMaza.Info].mp3
Fetched URL: http://songs.djmazadownload.xyz/music/indian_pop/Emraan Hashmi - Hit Songs Machine (2013)/52 - Aap Ki Kashish (ABA) [DJMaza.Info].mp3
Received file size: 0
File Name: 50 - Afsana Banake Bhool (Dil Diya Hai) [DJMaza.Info].mp3
Fetched URL: http://songs.djmazadownload.xyz/music/indian_pop/Emraan Hashmi - Hit Songs Machine (2013)/50 - Afsana Banake Bhool (Dil Diya Hai) [DJMaza.Info].mp3
Received file size: 0
File Name: 55 - Ya Ali (Gangster) [DJMaza.Info].mp3
Fetched URL: http://songs.djmazadownload.xyz/music/indian_pop/Emraan Hashmi - Hit Songs Machine (2013)/55 - Ya Ali (Gangster) [DJMaza.Info].mp3
Received file size: 0
File Name: 62 - Jhalak Dikhlaja (Aksar) [DJMaza.Info].mp3
Fetched URL: http://songs.djmazadownload.xyz/music/indian_pop/Emraan Hashmi - Hit Songs Machine (2013)/62 - Jhalak Dikhlaja (Aksar) [DJMaza.Info].mp3
Received file size: 0
File Name: 70 - Soniyo (Raaz TMC) [DJMaza.Info].mp3
Fetched URL: http://songs.djmazadownload.xyz/music/indian_pop/Emraan Hashmi - Hit Songs Machine (2013)/70 - Soniyo (Raaz TMC) [DJMaza.Info].mp3
Received file size: 0
Cannot Find Album name for :Aaja MahiCannot Find Album name for :Aashiq SaareyCannot Find Album name for :Ae Jo Silli SilliCannot Find Album name for :Blah Blah BlahCannot Find Album name for :Black N WhiteCannot Find Album name for :BulleyaCannot Find Album name for :Changey DinCannot Find Album name for :Car NachdiCannot Find Album name for :Dream GirlCannot Find Album name for :DaangCannot Find Album name for :FaislaCannot Find Album name for :Hit N RunCannot Find Album name for :High Rated GabruCannot Find Album name for :Jatt Da Kaleja (Sat Shri Akaal England)Cannot Find Album name for :Kurti Mal Mal DiCannot Find Album name for :KamliCannot Find Album name for :Munda Pyaar KardaCannot Find Album name for :Na Hatt DiCannot Find Album name for :Nakhre NewCannot Find Album name for :PatakeCannot Find Album name for :PalazzoCannot Find Album name for :Rowi NaCannot Find Album name for :Samajh Na AaveCannot Find Album name for :SohneyaCannot Find Album name for :Teri YaadCannot Find Album name for :Aaja MahiCannot Find Album name for :Aashiq SaareyCannot Find Album name for :Ae Jo Silli SilliCannot Find Album name for :BulleyaCannot Find Album name for :Black N WhiteCannot Find Album name for :Changey DinCannot Find Album name for :Car NachdiCannot Find Album name for :Blah Blah BlahCannot Find Album name for :DaangCannot Find Album name for :Dream GirlCannot Find Album name for :FaislaCannot Find Album name for :Hit N RunCannot Find Album name for :High Rated GabruCannot Find Album name for :Jatt Da Kaleja (Sat Shri Akaal England)Cannot Find Album name for :Kurti Mal Mal DiCannot Find Album name for :KamliCannot Find Album name for :Munda Pyaar KardaCannot Find Album name for :Na Hatt DiCannot Find Album name for :Nakhre NewCannot Find Album name for :PatakeCannot Find Album name for :PalazzoCannot Find Album name for :Rowi NaCannot Find Album name for :Samajh Na AaveCannot Find Album name for :SohneyaCannot Find Album name for :Teri YaadCannot Find Album name for :Aaja MahiCannot Find Album name for :Aashiq SaareyCannot Find Album name for :Ae Jo Silli SilliCannot Find Album name for :Blah Blah BlahCannot Find Album name for :Black N WhiteCannot Find Album name for :BulleyaCannot Find Album name for :Changey DinCannot Find Album name for :Car NachdiCannot Find Album name for :DaangCannot Find Album name for :Dream GirlCannot Find Album name for :FaislaCannot Find Album name for :Hit N RunCannot Find Album name for :High Rated GabruCannot Find Album name for :Jatt Da Kaleja (Sat Shri Akaal England)Cannot Find Album name for :Kurti Mal Mal DiCannot Find Album name for :KamliCannot Find Album name for :Munda Pyaar KardaCannot Find Album name for :Na Hatt DiCannot Find Album name for :Nakhre NewCannot Find Album name for :PatakeCannot Find Album name for :PalazzoCannot Find Album name for :Rowi NaCannot Find Album name for :Samajh Na AaveCannot Find Album name for :SohneyaCannot Find Album name for :Teri YaadCannot Find Album name for :Aaja MahiCannot Find Album name for :Aashiq SaareyCannot Find Album name for :Ae Jo Silli SilliCannot Find Album name for :Blah Blah BlahCannot Find Album name for :Black N WhiteCannot Find Album name for :BulleyaCannot Find Album name for :Changey DinCannot Find Album name for :Car NachdiCannot Find Album name for :DaangCannot Find Album name for :Dream GirlCannot Find Album name for :FaislaCannot Find Album name for :Hit N RunCannot Find Album name for :High Rated GabruCannot Find Album name for :Jatt Da Kaleja (Sat Shri Akaal England)Cannot Find Album name for :Kurti Mal Mal DiCannot Find Album name for :KamliCannot Find Album name for :Na Hatt DiCannot Find Album name for :Nakhre NewCannot Find Album name for :Munda Pyaar KardaCannot Find Album name for :PatakeCannot Find Album name for :PalazzoCannot Find Album name for :Rowi NaCannot Find Album name for :Samajh Na AaveCannot Find Album name for :SohneyaCannot Find Album name for :Teri Yaad